2023-10-03 20:00:24.528  INFO 18364 --- [main] c.r.SpringBootRestServiceApplication     : Starting SpringBootRestServiceApplication using Java 1.8.0_381 on W118HJ5LL3 with PID 18364 (C:\Users\Yash_Somani\OneDrive - Dell Technologies\Documents\pact testing\Code Projects\SpringBootRestService\target\classes started by Yash_Somani in C:\Users\Yash_Somani\OneDrive - Dell Technologies\Documents\pact testing\Code Projects\SpringBootRestService)
2023-10-03 20:00:24.539  INFO 18364 --- [main] c.r.SpringBootRestServiceApplication     : No active profile set, falling back to default profiles: default
2023-10-03 20:00:25.455  INFO 18364 --- [main] .s.d.r.c.RepositoryConfigurationDelegate : Bootstrapping Spring Data JPA repositories in DEFAULT mode.
2023-10-03 20:00:25.547  INFO 18364 --- [main] .s.d.r.c.RepositoryConfigurationDelegate : Finished Spring Data repository scanning in 78 ms. Found 1 JPA repository interfaces.
2023-10-03 20:00:26.100  INFO 18364 --- [main] o.s.b.w.embedded.tomcat.TomcatWebServer  : Tomcat initialized with port(s): 8080 (http)
2023-10-03 20:00:26.114  INFO 18364 --- [main] o.apache.catalina.core.StandardService   : Starting service [Tomcat]
2023-10-03 20:00:26.115  INFO 18364 --- [main] org.apache.catalina.core.StandardEngine  : Starting Servlet engine: [Apache Tomcat/9.0.48]
2023-10-03 20:00:26.245  INFO 18364 --- [main] o.a.c.c.C.[Tomcat].[localhost].[/]       : Initializing Spring embedded WebApplicationContext
2023-10-03 20:00:26.245  INFO 18364 --- [main] w.s.c.ServletWebServerApplicationContext : Root WebApplicationContext: initialization completed in 1656 ms
2023-10-03 20:00:26.341  INFO 18364 --- [main] com.zaxxer.hikari.HikariDataSource       : HikariPool-1 - Starting...
2023-10-03 20:00:26.348  WARN 18364 --- [main] com.zaxxer.hikari.util.DriverDataSource  : Registered driver with driverClassName=com.mysql.jdbc.Driver was not found, trying direct instantiation.
2023-10-03 20:00:26.957  INFO 18364 --- [main] com.zaxxer.hikari.HikariDataSource       : HikariPool-1 - Start completed.
2023-10-03 20:00:27.083  INFO 18364 --- [main] o.hibernate.jpa.internal.util.LogHelper  : HHH000204: Processing PersistenceUnitInfo [name: default]
2023-10-03 20:00:27.174  INFO 18364 --- [main] org.hibernate.Version                    : HHH000412: Hibernate ORM core version 5.4.32.Final
2023-10-03 20:00:27.386  INFO 18364 --- [main] o.hibernate.annotations.common.Version   : HCANN000001: Hibernate Commons Annotations {5.1.2.Final}
2023-10-03 20:00:27.552  INFO 18364 --- [main] org.hibernate.dialect.Dialect            : HHH000400: Using dialect: org.hibernate.dialect.MySQL5InnoDBDialect
2023-10-03 20:00:28.261  INFO 18364 --- [main] o.h.e.t.j.p.i.JtaPlatformInitiator       : HHH000490: Using JtaPlatform implementation: [org.hibernate.engine.transaction.jta.platform.internal.NoJtaPlatform]
2023-10-03 20:00:28.275  INFO 18364 --- [main] j.LocalContainerEntityManagerFactoryBean : Initialized JPA EntityManagerFactory for persistence unit 'default'
2023-10-03 20:00:28.576  WARN 18364 --- [main] JpaBaseConfiguration$JpaWebConfiguration : spring.jpa.open-in-view is enabled by default. Therefore, database queries may be performed during view rendering. Explicitly configure spring.jpa.open-in-view to disable this warning
2023-10-03 20:00:28.984  INFO 18364 --- [main] o.s.b.w.embedded.tomcat.TomcatWebServer  : Tomcat started on port(s): 8080 (http) with context path ''
2023-10-03 20:00:28.996  INFO 18364 --- [main] c.r.SpringBootRestServiceApplication     : Started SpringBootRestServiceApplication in 4.901 seconds (JVM running for 5.905)
2023-10-03 20:02:17.943  INFO 18364 --- [http-nio-8080-exec-1] o.a.c.c.C.[Tomcat].[localhost].[/]       : Initializing Spring DispatcherServlet 'dispatcherServlet'
2023-10-03 20:02:17.944  INFO 18364 --- [http-nio-8080-exec-1] o.s.web.servlet.DispatcherServlet        : Initializing Servlet 'dispatcherServlet'
2023-10-03 20:02:17.946  INFO 18364 --- [http-nio-8080-exec-1] o.s.web.servlet.DispatcherServlet        : Completed initialization in 1 ms
2023-10-03 20:07:49.669  WARN 18364 --- [http-nio-8080-exec-5] .w.s.m.s.DefaultHandlerExceptionResolver : Resolved [org.springframework.web.bind.MissingServletRequestParameterException: Required request parameter 'name' for method parameter type String is not present]
2023-10-03 21:32:49.050  INFO 24696 --- [main] c.r.SpringBootRestServiceApplication     : Starting SpringBootRestServiceApplication using Java 1.8.0_381 on W118HJ5LL3 with PID 24696 (C:\Users\Yash_Somani\OneDrive - Dell Technologies\Documents\pact testing\Code Projects\SpringBootRestService\target\classes started by Yash_Somani in C:\Users\Yash_Somani\OneDrive - Dell Technologies\Documents\pact testing\Code Projects\SpringBootRestService)
2023-10-03 21:32:49.054  INFO 24696 --- [main] c.r.SpringBootRestServiceApplication     : No active profile set, falling back to default profiles: default
2023-10-03 21:32:49.742  INFO 24696 --- [main] .s.d.r.c.RepositoryConfigurationDelegate : Bootstrapping Spring Data JPA repositories in DEFAULT mode.
2023-10-03 21:32:49.815  INFO 24696 --- [main] .s.d.r.c.RepositoryConfigurationDelegate : Finished Spring Data repository scanning in 61 ms. Found 1 JPA repository interfaces.
2023-10-03 21:32:50.267  INFO 24696 --- [main] o.s.b.w.embedded.tomcat.TomcatWebServer  : Tomcat initialized with port(s): 8080 (http)
2023-10-03 21:32:50.282  INFO 24696 --- [main] o.apache.catalina.core.StandardService   : Starting service [Tomcat]
2023-10-03 21:32:50.283  INFO 24696 --- [main] org.apache.catalina.core.StandardEngine  : Starting Servlet engine: [Apache Tomcat/9.0.48]
2023-10-03 21:32:50.422  INFO 24696 --- [main] o.a.c.c.C.[Tomcat].[localhost].[/]       : Initializing Spring embedded WebApplicationContext
2023-10-03 21:32:50.423  INFO 24696 --- [main] w.s.c.ServletWebServerApplicationContext : Root WebApplicationContext: initialization completed in 1311 ms
2023-10-03 21:32:50.520  INFO 24696 --- [main] com.zaxxer.hikari.HikariDataSource       : HikariPool-1 - Starting...
2023-10-03 21:32:50.525  WARN 24696 --- [main] com.zaxxer.hikari.util.DriverDataSource  : Registered driver with driverClassName=com.mysql.jdbc.Driver was not found, trying direct instantiation.
2023-10-03 21:32:51.322  INFO 24696 --- [main] com.zaxxer.hikari.HikariDataSource       : HikariPool-1 - Start completed.
2023-10-03 21:32:51.446  INFO 24696 --- [main] o.hibernate.jpa.internal.util.LogHelper  : HHH000204: Processing PersistenceUnitInfo [name: default]
2023-10-03 21:32:51.541  INFO 24696 --- [main] org.hibernate.Version                    : HHH000412: Hibernate ORM core version 5.4.32.Final
2023-10-03 21:32:51.744  INFO 24696 --- [main] o.hibernate.annotations.common.Version   : HCANN000001: Hibernate Commons Annotations {5.1.2.Final}
2023-10-03 21:32:51.907  INFO 24696 --- [main] org.hibernate.dialect.Dialect            : HHH000400: Using dialect: org.hibernate.dialect.MySQL5InnoDBDialect
2023-10-03 21:32:52.633  INFO 24696 --- [main] o.h.e.t.j.p.i.JtaPlatformInitiator       : HHH000490: Using JtaPlatform implementation: [org.hibernate.engine.transaction.jta.platform.internal.NoJtaPlatform]
2023-10-03 21:32:52.647  INFO 24696 --- [main] j.LocalContainerEntityManagerFactoryBean : Initialized JPA EntityManagerFactory for persistence unit 'default'
2023-10-03 21:32:52.975  WARN 24696 --- [main] JpaBaseConfiguration$JpaWebConfiguration : spring.jpa.open-in-view is enabled by default. Therefore, database queries may be performed during view rendering. Explicitly configure spring.jpa.open-in-view to disable this warning
2023-10-03 21:32:53.400  WARN 24696 --- [main] ConfigServletWebServerApplicationContext : Exception encountered during context initialization - cancelling refresh attempt: org.springframework.context.ApplicationContextException: Failed to start bean 'webServerStartStop'; nested exception is org.springframework.boot.web.server.PortInUseException: Port 8080 is already in use
2023-10-03 21:32:53.402  INFO 24696 --- [main] j.LocalContainerEntityManagerFactoryBean : Closing JPA EntityManagerFactory for persistence unit 'default'
2023-10-03 21:32:53.405  INFO 24696 --- [main] com.zaxxer.hikari.HikariDataSource       : HikariPool-1 - Shutdown initiated...
2023-10-03 21:32:53.414  INFO 24696 --- [main] com.zaxxer.hikari.HikariDataSource       : HikariPool-1 - Shutdown completed.
2023-10-03 21:32:53.416  INFO 24696 --- [main] o.apache.catalina.core.StandardService   : Stopping service [Tomcat]
2023-10-03 21:32:53.430  INFO 24696 --- [main] ConditionEvaluationReportLoggingListener : 

Error starting ApplicationContext. To display the conditions report re-run your application with 'debug' enabled.
2023-10-03 21:32:53.449 ERROR 24696 --- [main] o.s.b.d.LoggingFailureAnalysisReporter   : 

***************************
APPLICATION FAILED TO START
***************************

Description:

Web server failed to start. Port 8080 was already in use.

Action:

Identify and stop the process that's listening on port 8080 or configure this application to listen on another port.

2023-10-03 21:33:03.977  INFO 18364 --- [RMI TCP Connection(101)-127.0.0.1] inMXBeanRegistrar$SpringApplicationAdmin : Application shutdown requested.
2023-10-03 21:33:04.273  INFO 18364 --- [RMI TCP Connection(101)-127.0.0.1] j.LocalContainerEntityManagerFactoryBean : Closing JPA EntityManagerFactory for persistence unit 'default'
2023-10-03 21:33:04.286  INFO 18364 --- [RMI TCP Connection(101)-127.0.0.1] com.zaxxer.hikari.HikariDataSource       : HikariPool-1 - Shutdown initiated...
2023-10-03 21:33:04.296  INFO 18364 --- [RMI TCP Connection(101)-127.0.0.1] com.zaxxer.hikari.HikariDataSource       : HikariPool-1 - Shutdown completed.
2023-10-03 21:33:17.615  INFO 24716 --- [main] c.r.SpringBootRestServiceApplication     : Starting SpringBootRestServiceApplication using Java 1.8.0_381 on W118HJ5LL3 with PID 24716 (C:\Users\Yash_Somani\OneDrive - Dell Technologies\Documents\pact testing\Code Projects\SpringBootRestService\target\classes started by Yash_Somani in C:\Users\Yash_Somani\OneDrive - Dell Technologies\Documents\pact testing\Code Projects\SpringBootRestService)
2023-10-03 21:33:17.618  INFO 24716 --- [main] c.r.SpringBootRestServiceApplication     : No active profile set, falling back to default profiles: default
2023-10-03 21:33:18.470  INFO 24716 --- [main] .s.d.r.c.RepositoryConfigurationDelegate : Bootstrapping Spring Data JPA repositories in DEFAULT mode.
2023-10-03 21:33:18.564  INFO 24716 --- [main] .s.d.r.c.RepositoryConfigurationDelegate : Finished Spring Data repository scanning in 86 ms. Found 1 JPA repository interfaces.
2023-10-03 21:33:18.978  INFO 24716 --- [main] o.s.b.w.embedded.tomcat.TomcatWebServer  : Tomcat initialized with port(s): 8080 (http)
2023-10-03 21:33:18.992  INFO 24716 --- [main] o.apache.catalina.core.StandardService   : Starting service [Tomcat]
2023-10-03 21:33:18.992  INFO 24716 --- [main] org.apache.catalina.core.StandardEngine  : Starting Servlet engine: [Apache Tomcat/9.0.48]
2023-10-03 21:33:19.137  INFO 24716 --- [main] o.a.c.c.C.[Tomcat].[localhost].[/]       : Initializing Spring embedded WebApplicationContext
2023-10-03 21:33:19.137  INFO 24716 --- [main] w.s.c.ServletWebServerApplicationContext : Root WebApplicationContext: initialization completed in 1427 ms
2023-10-03 21:33:19.222  INFO 24716 --- [main] com.zaxxer.hikari.HikariDataSource       : HikariPool-1 - Starting...
2023-10-03 21:33:19.226  WARN 24716 --- [main] com.zaxxer.hikari.util.DriverDataSource  : Registered driver with driverClassName=com.mysql.jdbc.Driver was not found, trying direct instantiation.
2023-10-03 21:33:19.919  INFO 24716 --- [main] com.zaxxer.hikari.HikariDataSource       : HikariPool-1 - Start completed.
2023-10-03 21:33:20.022  INFO 24716 --- [main] o.hibernate.jpa.internal.util.LogHelper  : HHH000204: Processing PersistenceUnitInfo [name: default]
2023-10-03 21:33:20.104  INFO 24716 --- [main] org.hibernate.Version                    : HHH000412: Hibernate ORM core version 5.4.32.Final
2023-10-03 21:33:20.240  INFO 24716 --- [main] o.hibernate.annotations.common.Version   : HCANN000001: Hibernate Commons Annotations {5.1.2.Final}
2023-10-03 21:33:20.350  INFO 24716 --- [main] org.hibernate.dialect.Dialect            : HHH000400: Using dialect: org.hibernate.dialect.MySQL5InnoDBDialect
2023-10-03 21:33:20.886  INFO 24716 --- [main] o.h.e.t.j.p.i.JtaPlatformInitiator       : HHH000490: Using JtaPlatform implementation: [org.hibernate.engine.transaction.jta.platform.internal.NoJtaPlatform]
2023-10-03 21:33:20.895  INFO 24716 --- [main] j.LocalContainerEntityManagerFactoryBean : Initialized JPA EntityManagerFactory for persistence unit 'default'
2023-10-03 21:33:21.199  WARN 24716 --- [main] JpaBaseConfiguration$JpaWebConfiguration : spring.jpa.open-in-view is enabled by default. Therefore, database queries may be performed during view rendering. Explicitly configure spring.jpa.open-in-view to disable this warning
2023-10-03 21:33:21.542  INFO 24716 --- [main] o.s.b.w.embedded.tomcat.TomcatWebServer  : Tomcat started on port(s): 8080 (http) with context path ''
2023-10-03 21:33:21.555  INFO 24716 --- [main] c.r.SpringBootRestServiceApplication     : Started SpringBootRestServiceApplication in 4.324 seconds (JVM running for 5.355)
2023-10-03 21:33:33.752  WARN 17068 --- [main] ory$DuplicateJsonObjectContextCustomizer : 

Found multiple occurrences of org.json.JSONObject on the class path:

	jar:file:/C:/Users/Yash_Somani/.m2/repository/org/json/json/20160212/json-20160212.jar!/org/json/JSONObject.class
	jar:file:/C:/Users/Yash_Somani/.m2/repository/com/vaadin/external/google/android-json/0.0.20131108.vaadin1/android-json-0.0.20131108.vaadin1.jar!/org/json/JSONObject.class

You may wish to exclude one of them to ensure predictable runtime behavior

2023-10-03 21:33:33.788  INFO 17068 --- [main] com.rahulshettyacademy.PactConsumerTest  : Starting PactConsumerTest using Java 1.8.0_381 on W118HJ5LL3 with PID 17068 (started by Yash_Somani in C:\Users\Yash_Somani\OneDrive - Dell Technologies\Documents\pact testing\Code Projects\SpringBootRestService)
2023-10-03 21:33:33.794  INFO 17068 --- [main] com.rahulshettyacademy.PactConsumerTest  : No active profile set, falling back to default profiles: default
2023-10-03 21:33:34.930  INFO 17068 --- [main] .s.d.r.c.RepositoryConfigurationDelegate : Bootstrapping Spring Data JPA repositories in DEFAULT mode.
2023-10-03 21:33:35.076  INFO 17068 --- [main] .s.d.r.c.RepositoryConfigurationDelegate : Finished Spring Data repository scanning in 115 ms. Found 1 JPA repository interfaces.
2023-10-03 21:33:35.746  INFO 17068 --- [main] com.zaxxer.hikari.HikariDataSource       : HikariPool-1 - Starting...
2023-10-03 21:33:35.755  WARN 17068 --- [main] com.zaxxer.hikari.util.DriverDataSource  : Registered driver with driverClassName=com.mysql.jdbc.Driver was not found, trying direct instantiation.
2023-10-03 21:33:36.882  INFO 17068 --- [main] com.zaxxer.hikari.HikariDataSource       : HikariPool-1 - Start completed.
2023-10-03 21:33:37.165  INFO 17068 --- [main] o.hibernate.jpa.internal.util.LogHelper  : HHH000204: Processing PersistenceUnitInfo [name: default]
2023-10-03 21:33:37.259  INFO 17068 --- [main] org.hibernate.Version                    : HHH000412: Hibernate ORM core version 5.4.32.Final
2023-10-03 21:33:37.468  INFO 17068 --- [main] o.hibernate.annotations.common.Version   : HCANN000001: Hibernate Commons Annotations {5.1.2.Final}
2023-10-03 21:33:37.667  INFO 17068 --- [main] org.hibernate.dialect.Dialect            : HHH000400: Using dialect: org.hibernate.dialect.MySQL5InnoDBDialect
2023-10-03 21:33:38.596  INFO 17068 --- [main] o.h.e.t.j.p.i.JtaPlatformInitiator       : HHH000490: Using JtaPlatform implementation: [org.hibernate.engine.transaction.jta.platform.internal.NoJtaPlatform]
2023-10-03 21:33:38.608  INFO 17068 --- [main] j.LocalContainerEntityManagerFactoryBean : Initialized JPA EntityManagerFactory for persistence unit 'default'
2023-10-03 21:33:39.948  WARN 17068 --- [main] JpaBaseConfiguration$JpaWebConfiguration : spring.jpa.open-in-view is enabled by default. Therefore, database queries may be performed during view rendering. Explicitly configure spring.jpa.open-in-view to disable this warning
2023-10-03 21:33:41.259  INFO 17068 --- [main] com.rahulshettyacademy.PactConsumerTest  : Started PactConsumerTest in 7.911 seconds (JVM running for 10.385)
2023-10-03 21:34:54.850  WARN 27012 --- [main] ory$DuplicateJsonObjectContextCustomizer : 

Found multiple occurrences of org.json.JSONObject on the class path:

	jar:file:/C:/Users/Yash_Somani/.m2/repository/org/json/json/20160212/json-20160212.jar!/org/json/JSONObject.class
	jar:file:/C:/Users/Yash_Somani/.m2/repository/com/vaadin/external/google/android-json/0.0.20131108.vaadin1/android-json-0.0.20131108.vaadin1.jar!/org/json/JSONObject.class

You may wish to exclude one of them to ensure predictable runtime behavior

2023-10-03 21:34:54.882  INFO 27012 --- [main] com.rahulshettyacademy.PactConsumerTest  : Starting PactConsumerTest using Java 1.8.0_381 on W118HJ5LL3 with PID 27012 (started by Yash_Somani in C:\Users\Yash_Somani\OneDrive - Dell Technologies\Documents\pact testing\Code Projects\SpringBootRestService)
2023-10-03 21:34:54.885  INFO 27012 --- [main] com.rahulshettyacademy.PactConsumerTest  : No active profile set, falling back to default profiles: default
2023-10-03 21:34:56.221  INFO 27012 --- [main] .s.d.r.c.RepositoryConfigurationDelegate : Bootstrapping Spring Data JPA repositories in DEFAULT mode.
2023-10-03 21:34:56.335  INFO 27012 --- [main] .s.d.r.c.RepositoryConfigurationDelegate : Finished Spring Data repository scanning in 96 ms. Found 1 JPA repository interfaces.
2023-10-03 21:34:57.269  INFO 27012 --- [main] com.zaxxer.hikari.HikariDataSource       : HikariPool-1 - Starting...
2023-10-03 21:34:57.281  WARN 27012 --- [main] com.zaxxer.hikari.util.DriverDataSource  : Registered driver with driverClassName=com.mysql.jdbc.Driver was not found, trying direct instantiation.
2023-10-03 21:34:58.466  INFO 27012 --- [main] com.zaxxer.hikari.HikariDataSource       : HikariPool-1 - Start completed.
2023-10-03 21:34:58.844  INFO 27012 --- [main] o.hibernate.jpa.internal.util.LogHelper  : HHH000204: Processing PersistenceUnitInfo [name: default]
2023-10-03 21:34:58.942  INFO 27012 --- [main] org.hibernate.Version                    : HHH000412: Hibernate ORM core version 5.4.32.Final
2023-10-03 21:34:59.197  INFO 27012 --- [main] o.hibernate.annotations.common.Version   : HCANN000001: Hibernate Commons Annotations {5.1.2.Final}
2023-10-03 21:34:59.443  INFO 27012 --- [main] org.hibernate.dialect.Dialect            : HHH000400: Using dialect: org.hibernate.dialect.MySQL5InnoDBDialect
2023-10-03 21:35:00.629  INFO 27012 --- [main] o.h.e.t.j.p.i.JtaPlatformInitiator       : HHH000490: Using JtaPlatform implementation: [org.hibernate.engine.transaction.jta.platform.internal.NoJtaPlatform]
2023-10-03 21:35:00.648  INFO 27012 --- [main] j.LocalContainerEntityManagerFactoryBean : Initialized JPA EntityManagerFactory for persistence unit 'default'
2023-10-03 21:35:01.289  INFO 24716 --- [RMI TCP Connection(12)-127.0.0.1] inMXBeanRegistrar$SpringApplicationAdmin : Application shutdown requested.
2023-10-03 21:35:01.684  INFO 24716 --- [RMI TCP Connection(12)-127.0.0.1] j.LocalContainerEntityManagerFactoryBean : Closing JPA EntityManagerFactory for persistence unit 'default'
2023-10-03 21:35:01.690  INFO 24716 --- [RMI TCP Connection(12)-127.0.0.1] com.zaxxer.hikari.HikariDataSource       : HikariPool-1 - Shutdown initiated...
2023-10-03 21:35:01.711  INFO 24716 --- [RMI TCP Connection(12)-127.0.0.1] com.zaxxer.hikari.HikariDataSource       : HikariPool-1 - Shutdown completed.
2023-10-03 21:35:01.970  WARN 27012 --- [main] JpaBaseConfiguration$JpaWebConfiguration : spring.jpa.open-in-view is enabled by default. Therefore, database queries may be performed during view rendering. Explicitly configure spring.jpa.open-in-view to disable this warning
2023-10-03 21:35:03.179  INFO 27012 --- [main] com.rahulshettyacademy.PactConsumerTest  : Started PactConsumerTest in 8.774 seconds (JVM running for 11.353)
2023-10-03 21:35:03.632  WARN 27012 --- [Thread-2] au.com.dius.pact.core.support.Metrics    : 
            Please note: we are tracking events anonymously to gather important usage statistics like JVM version
            and operating system. To disable tracking, set the 'pact_do_not_track' system property or environment
            variable to 'true'.
            
2023-10-03 21:35:03.739  INFO 27012 --- [SpringApplicationShutdownHook] j.LocalContainerEntityManagerFactoryBean : Closing JPA EntityManagerFactory for persistence unit 'default'
2023-10-03 21:35:03.743  INFO 27012 --- [SpringApplicationShutdownHook] com.zaxxer.hikari.HikariDataSource       : HikariPool-1 - Shutdown initiated...
2023-10-03 21:35:03.782  INFO 27012 --- [SpringApplicationShutdownHook] com.zaxxer.hikari.HikariDataSource       : HikariPool-1 - Shutdown completed.
2023-10-03 21:35:33.700  INFO 25876 --- [main] c.r.SpringBootRestServiceApplication     : Starting SpringBootRestServiceApplication using Java 1.8.0_381 on W118HJ5LL3 with PID 25876 (C:\Users\Yash_Somani\OneDrive - Dell Technologies\Documents\pact testing\Code Projects\SpringBootRestService\target\classes started by Yash_Somani in C:\Users\Yash_Somani\OneDrive - Dell Technologies\Documents\pact testing\Code Projects\SpringBootRestService)
2023-10-03 21:35:33.702  INFO 25876 --- [main] c.r.SpringBootRestServiceApplication     : No active profile set, falling back to default profiles: default
2023-10-03 21:35:34.428  INFO 25876 --- [main] .s.d.r.c.RepositoryConfigurationDelegate : Bootstrapping Spring Data JPA repositories in DEFAULT mode.
2023-10-03 21:35:34.522  INFO 25876 --- [main] .s.d.r.c.RepositoryConfigurationDelegate : Finished Spring Data repository scanning in 82 ms. Found 1 JPA repository interfaces.
2023-10-03 21:35:34.989  INFO 25876 --- [main] o.s.b.w.embedded.tomcat.TomcatWebServer  : Tomcat initialized with port(s): 8080 (http)
2023-10-03 21:35:34.998  INFO 25876 --- [main] o.apache.catalina.core.StandardService   : Starting service [Tomcat]
2023-10-03 21:35:34.999  INFO 25876 --- [main] org.apache.catalina.core.StandardEngine  : Starting Servlet engine: [Apache Tomcat/9.0.48]
2023-10-03 21:35:35.147  INFO 25876 --- [main] o.a.c.c.C.[Tomcat].[localhost].[/]       : Initializing Spring embedded WebApplicationContext
2023-10-03 21:35:35.148  INFO 25876 --- [main] w.s.c.ServletWebServerApplicationContext : Root WebApplicationContext: initialization completed in 1408 ms
2023-10-03 21:35:35.263  INFO 25876 --- [main] com.zaxxer.hikari.HikariDataSource       : HikariPool-1 - Starting...
2023-10-03 21:35:35.269  WARN 25876 --- [main] com.zaxxer.hikari.util.DriverDataSource  : Registered driver with driverClassName=com.mysql.jdbc.Driver was not found, trying direct instantiation.
2023-10-03 21:35:36.067  INFO 25876 --- [main] com.zaxxer.hikari.HikariDataSource       : HikariPool-1 - Start completed.
2023-10-03 21:35:36.208  INFO 25876 --- [main] o.hibernate.jpa.internal.util.LogHelper  : HHH000204: Processing PersistenceUnitInfo [name: default]
2023-10-03 21:35:36.265  INFO 25876 --- [main] org.hibernate.Version                    : HHH000412: Hibernate ORM core version 5.4.32.Final
2023-10-03 21:35:36.394  INFO 25876 --- [main] o.hibernate.annotations.common.Version   : HCANN000001: Hibernate Commons Annotations {5.1.2.Final}
2023-10-03 21:35:36.494  INFO 25876 --- [main] org.hibernate.dialect.Dialect            : HHH000400: Using dialect: org.hibernate.dialect.MySQL5InnoDBDialect
2023-10-03 21:35:37.080  INFO 25876 --- [main] o.h.e.t.j.p.i.JtaPlatformInitiator       : HHH000490: Using JtaPlatform implementation: [org.hibernate.engine.transaction.jta.platform.internal.NoJtaPlatform]
2023-10-03 21:35:37.091  INFO 25876 --- [main] j.LocalContainerEntityManagerFactoryBean : Initialized JPA EntityManagerFactory for persistence unit 'default'
2023-10-03 21:35:37.386  WARN 25876 --- [main] JpaBaseConfiguration$JpaWebConfiguration : spring.jpa.open-in-view is enabled by default. Therefore, database queries may be performed during view rendering. Explicitly configure spring.jpa.open-in-view to disable this warning
2023-10-03 21:35:37.697  INFO 25876 --- [main] o.s.b.w.embedded.tomcat.TomcatWebServer  : Tomcat started on port(s): 8080 (http) with context path ''
2023-10-03 21:35:37.710  INFO 25876 --- [main] c.r.SpringBootRestServiceApplication     : Started SpringBootRestServiceApplication in 4.366 seconds (JVM running for 5.421)
2023-10-03 21:35:55.111  INFO 24264 --- [main] c.r.SpringBootRestServiceApplication     : Starting SpringBootRestServiceApplication using Java 1.8.0_381 on W118HJ5LL3 with PID 24264 (C:\Users\Yash_Somani\OneDrive - Dell Technologies\Documents\pact testing\Code Projects\SpringBootRestService\target\classes started by Yash_Somani in C:\Users\Yash_Somani\OneDrive - Dell Technologies\Documents\pact testing\Code Projects\SpringBootRestService)
2023-10-03 21:35:55.115  INFO 24264 --- [main] c.r.SpringBootRestServiceApplication     : No active profile set, falling back to default profiles: default
2023-10-03 21:35:55.788  INFO 24264 --- [main] .s.d.r.c.RepositoryConfigurationDelegate : Bootstrapping Spring Data JPA repositories in DEFAULT mode.
2023-10-03 21:35:55.872  INFO 24264 --- [main] .s.d.r.c.RepositoryConfigurationDelegate : Finished Spring Data repository scanning in 74 ms. Found 1 JPA repository interfaces.
2023-10-03 21:35:56.271  INFO 24264 --- [main] o.s.b.w.embedded.tomcat.TomcatWebServer  : Tomcat initialized with port(s): 8080 (http)
2023-10-03 21:35:56.282  INFO 24264 --- [main] o.apache.catalina.core.StandardService   : Starting service [Tomcat]
2023-10-03 21:35:56.283  INFO 24264 --- [main] org.apache.catalina.core.StandardEngine  : Starting Servlet engine: [Apache Tomcat/9.0.48]
2023-10-03 21:35:56.401  INFO 24264 --- [main] o.a.c.c.C.[Tomcat].[localhost].[/]       : Initializing Spring embedded WebApplicationContext
2023-10-03 21:35:56.401  INFO 24264 --- [main] w.s.c.ServletWebServerApplicationContext : Root WebApplicationContext: initialization completed in 1235 ms
2023-10-03 21:35:56.489  INFO 24264 --- [main] com.zaxxer.hikari.HikariDataSource       : HikariPool-1 - Starting...
2023-10-03 21:35:56.493  WARN 24264 --- [main] com.zaxxer.hikari.util.DriverDataSource  : Registered driver with driverClassName=com.mysql.jdbc.Driver was not found, trying direct instantiation.
2023-10-03 21:35:57.242  INFO 24264 --- [main] com.zaxxer.hikari.HikariDataSource       : HikariPool-1 - Start completed.
2023-10-03 21:35:57.374  INFO 24264 --- [main] o.hibernate.jpa.internal.util.LogHelper  : HHH000204: Processing PersistenceUnitInfo [name: default]
2023-10-03 21:35:57.456  INFO 24264 --- [main] org.hibernate.Version                    : HHH000412: Hibernate ORM core version 5.4.32.Final
2023-10-03 21:35:57.587  INFO 24264 --- [main] o.hibernate.annotations.common.Version   : HCANN000001: Hibernate Commons Annotations {5.1.2.Final}
2023-10-03 21:35:57.697  INFO 24264 --- [main] org.hibernate.dialect.Dialect            : HHH000400: Using dialect: org.hibernate.dialect.MySQL5InnoDBDialect
2023-10-03 21:35:58.266  INFO 24264 --- [main] o.h.e.t.j.p.i.JtaPlatformInitiator       : HHH000490: Using JtaPlatform implementation: [org.hibernate.engine.transaction.jta.platform.internal.NoJtaPlatform]
2023-10-03 21:35:58.277  INFO 24264 --- [main] j.LocalContainerEntityManagerFactoryBean : Initialized JPA EntityManagerFactory for persistence unit 'default'
2023-10-03 21:35:58.554  WARN 24264 --- [main] JpaBaseConfiguration$JpaWebConfiguration : spring.jpa.open-in-view is enabled by default. Therefore, database queries may be performed during view rendering. Explicitly configure spring.jpa.open-in-view to disable this warning
2023-10-03 21:35:58.850  WARN 24264 --- [main] ConfigServletWebServerApplicationContext : Exception encountered during context initialization - cancelling refresh attempt: org.springframework.context.ApplicationContextException: Failed to start bean 'webServerStartStop'; nested exception is org.springframework.boot.web.server.PortInUseException: Port 8080 is already in use
2023-10-03 21:35:58.853  INFO 24264 --- [main] j.LocalContainerEntityManagerFactoryBean : Closing JPA EntityManagerFactory for persistence unit 'default'
2023-10-03 21:35:58.855  INFO 24264 --- [main] com.zaxxer.hikari.HikariDataSource       : HikariPool-1 - Shutdown initiated...
2023-10-03 21:35:58.862  INFO 24264 --- [main] com.zaxxer.hikari.HikariDataSource       : HikariPool-1 - Shutdown completed.
2023-10-03 21:35:58.864  INFO 24264 --- [main] o.apache.catalina.core.StandardService   : Stopping service [Tomcat]
2023-10-03 21:35:58.877  INFO 24264 --- [main] ConditionEvaluationReportLoggingListener : 

Error starting ApplicationContext. To display the conditions report re-run your application with 'debug' enabled.
2023-10-03 21:35:58.896 ERROR 24264 --- [main] o.s.b.d.LoggingFailureAnalysisReporter   : 

***************************
APPLICATION FAILED TO START
***************************

Description:

Web server failed to start. Port 8080 was already in use.

Action:

Identify and stop the process that's listening on port 8080 or configure this application to listen on another port.

2023-10-03 21:36:08.818  WARN 1476 --- [main] ory$DuplicateJsonObjectContextCustomizer : 

Found multiple occurrences of org.json.JSONObject on the class path:

	jar:file:/C:/Users/Yash_Somani/.m2/repository/org/json/json/20160212/json-20160212.jar!/org/json/JSONObject.class
	jar:file:/C:/Users/Yash_Somani/.m2/repository/com/vaadin/external/google/android-json/0.0.20131108.vaadin1/android-json-0.0.20131108.vaadin1.jar!/org/json/JSONObject.class

You may wish to exclude one of them to ensure predictable runtime behavior

2023-10-03 21:36:08.858  INFO 1476 --- [main] com.rahulshettyacademy.PactConsumerTest  : Starting PactConsumerTest using Java 1.8.0_381 on W118HJ5LL3 with PID 1476 (started by Yash_Somani in C:\Users\Yash_Somani\OneDrive - Dell Technologies\Documents\pact testing\Code Projects\SpringBootRestService)
2023-10-03 21:36:08.860  INFO 1476 --- [main] com.rahulshettyacademy.PactConsumerTest  : No active profile set, falling back to default profiles: default
2023-10-03 21:36:10.090  INFO 1476 --- [main] .s.d.r.c.RepositoryConfigurationDelegate : Bootstrapping Spring Data JPA repositories in DEFAULT mode.
2023-10-03 21:36:10.217  INFO 1476 --- [main] .s.d.r.c.RepositoryConfigurationDelegate : Finished Spring Data repository scanning in 103 ms. Found 1 JPA repository interfaces.
2023-10-03 21:36:10.936  INFO 1476 --- [main] com.zaxxer.hikari.HikariDataSource       : HikariPool-1 - Starting...
2023-10-03 21:36:10.943  WARN 1476 --- [main] com.zaxxer.hikari.util.DriverDataSource  : Registered driver with driverClassName=com.mysql.jdbc.Driver was not found, trying direct instantiation.
2023-10-03 21:36:12.201  INFO 1476 --- [main] com.zaxxer.hikari.HikariDataSource       : HikariPool-1 - Start completed.
2023-10-03 21:36:12.509  INFO 1476 --- [main] o.hibernate.jpa.internal.util.LogHelper  : HHH000204: Processing PersistenceUnitInfo [name: default]
2023-10-03 21:36:12.601  INFO 1476 --- [main] org.hibernate.Version                    : HHH000412: Hibernate ORM core version 5.4.32.Final
2023-10-03 21:36:12.886  INFO 1476 --- [main] o.hibernate.annotations.common.Version   : HCANN000001: Hibernate Commons Annotations {5.1.2.Final}
2023-10-03 21:36:13.117  INFO 1476 --- [main] org.hibernate.dialect.Dialect            : HHH000400: Using dialect: org.hibernate.dialect.MySQL5InnoDBDialect
2023-10-03 21:36:14.044  INFO 1476 --- [main] o.h.e.t.j.p.i.JtaPlatformInitiator       : HHH000490: Using JtaPlatform implementation: [org.hibernate.engine.transaction.jta.platform.internal.NoJtaPlatform]
2023-10-03 21:36:14.066  INFO 1476 --- [main] j.LocalContainerEntityManagerFactoryBean : Initialized JPA EntityManagerFactory for persistence unit 'default'
2023-10-03 21:36:15.076  WARN 1476 --- [main] JpaBaseConfiguration$JpaWebConfiguration : spring.jpa.open-in-view is enabled by default. Therefore, database queries may be performed during view rendering. Explicitly configure spring.jpa.open-in-view to disable this warning
2023-10-03 21:36:16.105  INFO 1476 --- [main] com.rahulshettyacademy.PactConsumerTest  : Started PactConsumerTest in 7.769 seconds (JVM running for 10.279)
2023-10-03 21:36:46.480  WARN 2824 --- [main] ory$DuplicateJsonObjectContextCustomizer : 

Found multiple occurrences of org.json.JSONObject on the class path:

	jar:file:/C:/Users/Yash_Somani/.m2/repository/org/json/json/20160212/json-20160212.jar!/org/json/JSONObject.class
	jar:file:/C:/Users/Yash_Somani/.m2/repository/com/vaadin/external/google/android-json/0.0.20131108.vaadin1/android-json-0.0.20131108.vaadin1.jar!/org/json/JSONObject.class

You may wish to exclude one of them to ensure predictable runtime behavior

2023-10-03 21:36:46.510  INFO 2824 --- [main] com.rahulshettyacademy.PactConsumerTest  : Starting PactConsumerTest using Java 1.8.0_381 on W118HJ5LL3 with PID 2824 (started by Yash_Somani in C:\Users\Yash_Somani\OneDrive - Dell Technologies\Documents\pact testing\Code Projects\SpringBootRestService)
2023-10-03 21:36:46.512  INFO 2824 --- [main] com.rahulshettyacademy.PactConsumerTest  : No active profile set, falling back to default profiles: default
2023-10-03 21:36:47.785  INFO 2824 --- [main] .s.d.r.c.RepositoryConfigurationDelegate : Bootstrapping Spring Data JPA repositories in DEFAULT mode.
2023-10-03 21:36:47.988  INFO 2824 --- [main] .s.d.r.c.RepositoryConfigurationDelegate : Finished Spring Data repository scanning in 183 ms. Found 1 JPA repository interfaces.
2023-10-03 21:36:49.281  INFO 2824 --- [main] com.zaxxer.hikari.HikariDataSource       : HikariPool-1 - Starting...
2023-10-03 21:36:49.297  WARN 2824 --- [main] com.zaxxer.hikari.util.DriverDataSource  : Registered driver with driverClassName=com.mysql.jdbc.Driver was not found, trying direct instantiation.
2023-10-03 21:36:50.575  INFO 2824 --- [main] com.zaxxer.hikari.HikariDataSource       : HikariPool-1 - Start completed.
2023-10-03 21:36:50.867  INFO 2824 --- [main] o.hibernate.jpa.internal.util.LogHelper  : HHH000204: Processing PersistenceUnitInfo [name: default]
2023-10-03 21:36:50.994  INFO 2824 --- [main] org.hibernate.Version                    : HHH000412: Hibernate ORM core version 5.4.32.Final
2023-10-03 21:36:51.284  INFO 2824 --- [main] o.hibernate.annotations.common.Version   : HCANN000001: Hibernate Commons Annotations {5.1.2.Final}
2023-10-03 21:36:51.529  INFO 2824 --- [main] org.hibernate.dialect.Dialect            : HHH000400: Using dialect: org.hibernate.dialect.MySQL5InnoDBDialect
2023-10-03 21:36:52.547  INFO 2824 --- [main] o.h.e.t.j.p.i.JtaPlatformInitiator       : HHH000490: Using JtaPlatform implementation: [org.hibernate.engine.transaction.jta.platform.internal.NoJtaPlatform]
2023-10-03 21:36:52.564  INFO 2824 --- [main] j.LocalContainerEntityManagerFactoryBean : Initialized JPA EntityManagerFactory for persistence unit 'default'
2023-10-03 21:36:53.594  WARN 2824 --- [main] JpaBaseConfiguration$JpaWebConfiguration : spring.jpa.open-in-view is enabled by default. Therefore, database queries may be performed during view rendering. Explicitly configure spring.jpa.open-in-view to disable this warning
2023-10-03 21:36:54.698  INFO 2824 --- [main] com.rahulshettyacademy.PactConsumerTest  : Started PactConsumerTest in 8.669 seconds (JVM running for 11.112)
2023-10-03 21:36:55.259  WARN 2824 --- [Thread-2] au.com.dius.pact.core.support.Metrics    : 
            Please note: we are tracking events anonymously to gather important usage statistics like JVM version
            and operating system. To disable tracking, set the 'pact_do_not_track' system property or environment
            variable to 'true'.
            
2023-10-03 21:36:55.333  INFO 2824 --- [main] .b.t.c.SpringBootTestContextBootstrapper : Neither @ContextConfiguration nor @ContextHierarchy found for test class [com.rahulshettyacademy.SpringBootRestServiceApplicationTests], using SpringBootContextLoader
2023-10-03 21:36:55.334  INFO 2824 --- [main] o.s.t.c.support.AbstractContextLoader    : Could not detect default resource locations for test class [com.rahulshettyacademy.SpringBootRestServiceApplicationTests]: no resource found for suffixes {-context.xml, Context.groovy}.
2023-10-03 21:36:55.335  INFO 2824 --- [main] t.c.s.AnnotationConfigContextLoaderUtils : Could not detect default configuration classes for test class [com.rahulshettyacademy.SpringBootRestServiceApplicationTests]: SpringBootRestServiceApplicationTests does not declare any static, non-private, non-final, nested classes annotated with @Configuration.
2023-10-03 21:36:55.348  INFO 2824 --- [main] .b.t.c.SpringBootTestContextBootstrapper : Found @SpringBootConfiguration com.rahulshettyacademy.SpringBootRestServiceApplication for test class com.rahulshettyacademy.SpringBootRestServiceApplicationTests
2023-10-03 21:36:55.354  INFO 2824 --- [main] .b.t.c.SpringBootTestContextBootstrapper : Loaded default TestExecutionListener class names from location [META-INF/spring.factories]: [org.springframework.boot.test.mock.mockito.MockitoTestExecutionListener, org.springframework.boot.test.mock.mockito.ResetMocksTestExecutionListener, org.springframework.boot.test.autoconfigure.restdocs.RestDocsTestExecutionListener, org.springframework.boot.test.autoconfigure.web.client.MockRestServiceServerResetTestExecutionListener, org.springframework.boot.test.autoconfigure.web.servlet.MockMvcPrintOnlyOnFailureTestExecutionListener, org.springframework.boot.test.autoconfigure.web.servlet.WebDriverTestExecutionListener, org.springframework.boot.test.autoconfigure.webservices.client.MockWebServiceServerTestExecutionListener, org.springframework.test.context.web.ServletTestExecutionListener, org.springframework.test.context.support.DirtiesContextBeforeModesTestExecutionListener, org.springframework.test.context.event.ApplicationEventsTestExecutionListener, org.springframework.test.context.support.DependencyInjectionTestExecutionListener, org.springframework.test.context.support.DirtiesContextTestExecutionListener, org.springframework.test.context.transaction.TransactionalTestExecutionListener, org.springframework.test.context.jdbc.SqlScriptsTestExecutionListener, org.springframework.test.context.event.EventPublishingTestExecutionListener]
2023-10-03 21:36:55.355  INFO 2824 --- [main] .b.t.c.SpringBootTestContextBootstrapper : Using TestExecutionListeners: [org.springframework.test.context.web.ServletTestExecutionListener@793248d, org.springframework.test.context.support.DirtiesContextBeforeModesTestExecutionListener@6731b6bd, org.springframework.test.context.event.ApplicationEventsTestExecutionListener@768f2398, org.springframework.boot.test.mock.mockito.MockitoTestExecutionListener@1f4fa465, org.springframework.boot.test.autoconfigure.SpringBootDependencyInjectionTestExecutionListener@1e65c4d, org.springframework.test.context.support.DirtiesContextTestExecutionListener@6b888692, org.springframework.test.context.transaction.TransactionalTestExecutionListener@6414eb98, org.springframework.test.context.jdbc.SqlScriptsTestExecutionListener@61a17f3, org.springframework.test.context.event.EventPublishingTestExecutionListener@352d3749, org.springframework.boot.test.mock.mockito.ResetMocksTestExecutionListener@1a3e8b68, org.springframework.boot.test.autoconfigure.restdocs.RestDocsTestExecutionListener@5935eb9c, org.springframework.boot.test.autoconfigure.web.client.MockRestServiceServerResetTestExecutionListener@fc6cac6, org.springframework.boot.test.autoconfigure.web.servlet.MockMvcPrintOnlyOnFailureTestExecutionListener@538d2308, org.springframework.boot.test.autoconfigure.web.servlet.WebDriverTestExecutionListener@3d0697da, org.springframework.boot.test.autoconfigure.webservices.client.MockWebServiceServerTestExecutionListener@4b99f2ed]
2023-10-03 21:36:55.414  WARN 2824 --- [main] ory$DuplicateJsonObjectContextCustomizer : 

Found multiple occurrences of org.json.JSONObject on the class path:

	jar:file:/C:/Users/Yash_Somani/.m2/repository/org/json/json/20160212/json-20160212.jar!/org/json/JSONObject.class
	jar:file:/C:/Users/Yash_Somani/.m2/repository/com/vaadin/external/google/android-json/0.0.20131108.vaadin1/android-json-0.0.20131108.vaadin1.jar!/org/json/JSONObject.class

You may wish to exclude one of them to ensure predictable runtime behavior

2023-10-03 21:36:55.419  INFO 2824 --- [main] .r.SpringBootRestServiceApplicationTests : Starting SpringBootRestServiceApplicationTests using Java 1.8.0_381 on W118HJ5LL3 with PID 2824 (started by Yash_Somani in C:\Users\Yash_Somani\OneDrive - Dell Technologies\Documents\pact testing\Code Projects\SpringBootRestService)
2023-10-03 21:36:55.421  INFO 2824 --- [main] .r.SpringBootRestServiceApplicationTests : No active profile set, falling back to default profiles: default
2023-10-03 21:36:55.809  INFO 2824 --- [main] .s.d.r.c.RepositoryConfigurationDelegate : Bootstrapping Spring Data JPA repositories in DEFAULT mode.
2023-10-03 21:36:55.837  INFO 2824 --- [main] .s.d.r.c.RepositoryConfigurationDelegate : Finished Spring Data repository scanning in 27 ms. Found 1 JPA repository interfaces.
2023-10-03 21:36:56.304  INFO 2824 --- [main] com.zaxxer.hikari.HikariDataSource       : HikariPool-2 - Starting...
2023-10-03 21:36:56.304  WARN 2824 --- [main] com.zaxxer.hikari.util.DriverDataSource  : Registered driver with driverClassName=com.mysql.jdbc.Driver was not found, trying direct instantiation.
2023-10-03 21:36:56.328  INFO 2824 --- [main] com.zaxxer.hikari.HikariDataSource       : HikariPool-2 - Start completed.
2023-10-03 21:36:56.408  INFO 2824 --- [main] o.hibernate.jpa.internal.util.LogHelper  : HHH000204: Processing PersistenceUnitInfo [name: default]
2023-10-03 21:36:56.418  INFO 2824 --- [main] org.hibernate.dialect.Dialect            : HHH000400: Using dialect: org.hibernate.dialect.MySQL5InnoDBDialect
2023-10-03 21:36:56.460  INFO 2824 --- [main] o.h.e.t.j.p.i.JtaPlatformInitiator       : HHH000490: Using JtaPlatform implementation: [org.hibernate.engine.transaction.jta.platform.internal.NoJtaPlatform]
2023-10-03 21:36:56.462  INFO 2824 --- [main] j.LocalContainerEntityManagerFactoryBean : Initialized JPA EntityManagerFactory for persistence unit 'default'
2023-10-03 21:36:56.752  WARN 2824 --- [main] JpaBaseConfiguration$JpaWebConfiguration : spring.jpa.open-in-view is enabled by default. Therefore, database queries may be performed during view rendering. Explicitly configure spring.jpa.open-in-view to disable this warning
2023-10-03 21:36:57.615  INFO 2824 --- [main] o.s.b.t.m.w.SpringBootMockServletContext : Initializing Spring TestDispatcherServlet ''
2023-10-03 21:36:57.616  INFO 2824 --- [main] o.s.t.web.servlet.TestDispatcherServlet  : Initializing Servlet ''
2023-10-03 21:36:57.618  INFO 2824 --- [main] o.s.t.web.servlet.TestDispatcherServlet  : Completed initialization in 1 ms
2023-10-03 21:36:57.634  INFO 2824 --- [main] .r.SpringBootRestServiceApplicationTests : Started SpringBootRestServiceApplicationTests in 2.274 seconds (JVM running for 14.048)
2023-10-03 21:36:58.009  INFO 2824 --- [main] c.r.controller.LibraryController         : Book  is deleted 
2023-10-03 21:36:58.035  INFO 2824 --- [main] c.r.controller.LibraryController         : Book do not exist so creating one
2023-10-03 21:36:58.105  INFO 2824 --- [main] c.r.controller.LibraryController         : Book do not exist so creating one
2023-10-03 21:36:58.117  INFO 2824 --- [main] .b.t.c.SpringBootTestContextBootstrapper : Neither @ContextConfiguration nor @ContextHierarchy found for test class [com.rahulshettyacademy.testsIT], using SpringBootContextLoader
2023-10-03 21:36:58.119  INFO 2824 --- [main] o.s.t.c.support.AbstractContextLoader    : Could not detect default resource locations for test class [com.rahulshettyacademy.testsIT]: no resource found for suffixes {-context.xml, Context.groovy}.
2023-10-03 21:36:58.119  INFO 2824 --- [main] t.c.s.AnnotationConfigContextLoaderUtils : Could not detect default configuration classes for test class [com.rahulshettyacademy.testsIT]: testsIT does not declare any static, non-private, non-final, nested classes annotated with @Configuration.
2023-10-03 21:36:58.122  INFO 2824 --- [main] .b.t.c.SpringBootTestContextBootstrapper : Found @SpringBootConfiguration com.rahulshettyacademy.SpringBootRestServiceApplication for test class com.rahulshettyacademy.testsIT
2023-10-03 21:36:58.125  INFO 2824 --- [main] .b.t.c.SpringBootTestContextBootstrapper : Loaded default TestExecutionListener class names from location [META-INF/spring.factories]: [org.springframework.boot.test.mock.mockito.MockitoTestExecutionListener, org.springframework.boot.test.mock.mockito.ResetMocksTestExecutionListener, org.springframework.boot.test.autoconfigure.restdocs.RestDocsTestExecutionListener, org.springframework.boot.test.autoconfigure.web.client.MockRestServiceServerResetTestExecutionListener, org.springframework.boot.test.autoconfigure.web.servlet.MockMvcPrintOnlyOnFailureTestExecutionListener, org.springframework.boot.test.autoconfigure.web.servlet.WebDriverTestExecutionListener, org.springframework.boot.test.autoconfigure.webservices.client.MockWebServiceServerTestExecutionListener, org.springframework.test.context.web.ServletTestExecutionListener, org.springframework.test.context.support.DirtiesContextBeforeModesTestExecutionListener, org.springframework.test.context.event.ApplicationEventsTestExecutionListener, org.springframework.test.context.support.DependencyInjectionTestExecutionListener, org.springframework.test.context.support.DirtiesContextTestExecutionListener, org.springframework.test.context.transaction.TransactionalTestExecutionListener, org.springframework.test.context.jdbc.SqlScriptsTestExecutionListener, org.springframework.test.context.event.EventPublishingTestExecutionListener]
2023-10-03 21:36:58.126  INFO 2824 --- [main] .b.t.c.SpringBootTestContextBootstrapper : Using TestExecutionListeners: [org.springframework.test.context.web.ServletTestExecutionListener@39a8c08f, org.springframework.test.context.support.DirtiesContextBeforeModesTestExecutionListener@5c0d876c, org.springframework.test.context.event.ApplicationEventsTestExecutionListener@794b139b, org.springframework.boot.test.mock.mockito.MockitoTestExecutionListener@77217c17, org.springframework.boot.test.autoconfigure.SpringBootDependencyInjectionTestExecutionListener@87276c4, org.springframework.test.context.support.DirtiesContextTestExecutionListener@38f4a641, org.springframework.test.context.transaction.TransactionalTestExecutionListener@1902ad0f, org.springframework.test.context.jdbc.SqlScriptsTestExecutionListener@653fbbfc, org.springframework.test.context.event.EventPublishingTestExecutionListener@7e6025c9, org.springframework.boot.test.mock.mockito.ResetMocksTestExecutionListener@63bb52ea, org.springframework.boot.test.autoconfigure.restdocs.RestDocsTestExecutionListener@6f5df147, org.springframework.boot.test.autoconfigure.web.client.MockRestServiceServerResetTestExecutionListener@7725470b, org.springframework.boot.test.autoconfigure.web.servlet.MockMvcPrintOnlyOnFailureTestExecutionListener@8947a4b, org.springframework.boot.test.autoconfigure.web.servlet.WebDriverTestExecutionListener@318155b1, org.springframework.boot.test.autoconfigure.webservices.client.MockWebServiceServerTestExecutionListener@31d64d0f]
2023-10-03 21:36:58.345  INFO 25876 --- [http-nio-8080-exec-1] o.a.c.c.C.[Tomcat].[localhost].[/]       : Initializing Spring DispatcherServlet 'dispatcherServlet'
2023-10-03 21:36:58.345  INFO 25876 --- [http-nio-8080-exec-1] o.s.web.servlet.DispatcherServlet        : Initializing Servlet 'dispatcherServlet'
2023-10-03 21:36:58.348  INFO 25876 --- [http-nio-8080-exec-1] o.s.web.servlet.DispatcherServlet        : Completed initialization in 3 ms
2023-10-03 21:36:58.742  INFO 25876 --- [http-nio-8080-exec-2] c.r.controller.LibraryController         : Book do not exist so creating one
2023-10-03 21:36:58.819  INFO 2824 --- [SpringApplicationShutdownHook] j.LocalContainerEntityManagerFactoryBean : Closing JPA EntityManagerFactory for persistence unit 'default'
2023-10-03 21:36:58.824  INFO 2824 --- [SpringApplicationShutdownHook] com.zaxxer.hikari.HikariDataSource       : HikariPool-1 - Shutdown initiated...
2023-10-03 21:36:58.850  INFO 2824 --- [SpringApplicationShutdownHook] com.zaxxer.hikari.HikariDataSource       : HikariPool-1 - Shutdown completed.
2023-10-03 21:36:58.854  INFO 2824 --- [SpringApplicationShutdownHook] j.LocalContainerEntityManagerFactoryBean : Closing JPA EntityManagerFactory for persistence unit 'default'
2023-10-03 21:36:58.855  INFO 2824 --- [SpringApplicationShutdownHook] com.zaxxer.hikari.HikariDataSource       : HikariPool-2 - Shutdown initiated...
2023-10-03 21:36:58.875  INFO 2824 --- [SpringApplicationShutdownHook] com.zaxxer.hikari.HikariDataSource       : HikariPool-2 - Shutdown completed.
2023-10-04 08:01:40.405  WARN 25876 --- [HikariPool-1 housekeeper] com.zaxxer.hikari.pool.HikariPool        : HikariPool-1 - Thread starvation or clock leap detected (housekeeper delta=9h52m58s731ms620µs800ns).
2023-10-04 08:01:46.510  WARN 1476 --- [HikariPool-1 housekeeper] com.zaxxer.hikari.pool.HikariPool        : HikariPool-1 - Thread starvation or clock leap detected (housekeeper delta=9h52m58s718ms158µs700ns).
2023-10-04 09:44:35.901  WARN 1476 --- [HikariPool-1 housekeeper] com.zaxxer.hikari.pool.HikariPool        : HikariPool-1 - Thread starvation or clock leap detected (housekeeper delta=1h42m54s814ms814µs100ns).
2023-10-04 09:44:59.764  WARN 25876 --- [HikariPool-1 housekeeper] com.zaxxer.hikari.pool.HikariPool        : HikariPool-1 - Thread starvation or clock leap detected (housekeeper delta=1h42m54s759ms446µs).
2023-10-04 10:29:32.671  INFO 25876 --- [RMI TCP Connection(88)-127.0.0.1] inMXBeanRegistrar$SpringApplicationAdmin : Application shutdown requested.
2023-10-04 10:29:32.967  INFO 25876 --- [RMI TCP Connection(88)-127.0.0.1] j.LocalContainerEntityManagerFactoryBean : Closing JPA EntityManagerFactory for persistence unit 'default'
2023-10-04 10:29:32.999  INFO 25876 --- [RMI TCP Connection(88)-127.0.0.1] com.zaxxer.hikari.HikariDataSource       : HikariPool-1 - Shutdown initiated...
2023-10-04 10:29:33.011  INFO 25876 --- [RMI TCP Connection(88)-127.0.0.1] com.zaxxer.hikari.HikariDataSource       : HikariPool-1 - Shutdown completed.
